2023-04-05	14:41:25	ReferenceError: saintName is not defined	POST	/quotes	undefined
2023-04-05	15:20:16	ReferenceError: oldQUote is not defined	PATCH	/quotes	undefined
2023-04-05	15:39:49	TypeError: quote.duplicate is not a function	PATCH	/quotes	undefined
2023-04-05	15:41:29	TypeError: quote.create is not a function	PATCH	/quotes	undefined
2023-04-05	16:19:55	TypeError: Cannot read properties of null (reading 'saint')	PATCH	/quotes	undefined
2023-04-05	16:21:08	TypeError: Cannot read properties of null (reading 'saint')	PATCH	/quotes	undefined
2023-04-05	16:21:45	TypeError: Cannot read properties of null (reading 'saint')	PATCH	/quotes	undefined
2023-04-05	16:27:23	TypeError: Cannot read properties of null (reading 'saint')	PATCH	/quotes	undefined
2023-04-05	16:29:29	TypeError: Cannot read properties of null (reading 'saint')	PATCH	/quotes	undefined
2023-04-05	16:29:50	TypeError: Cannot read properties of null (reading 'saint')	PATCH	/quotes	undefined
2023-04-05	16:31:07	TypeError: Cannot read properties of null (reading 'saint')	PATCH	/quotes	undefined
2023-04-05	16:31:57	TypeError: Cannot read properties of null (reading 'saint')	PATCH	/quotes	undefined
2023-04-05	16:36:48	CastError: Cast to ObjectId failed for value "{ id: '642dc2ed1eab4edcb674738f' }" (type Object) at path "_id" for model "Quote"	PATCH	/quotes	undefined
2023-04-05	16:44:23	SyntaxError: Expected ',' or '}' after property value in JSON at position 63	PATCH	/quotes	undefined
2023-04-05	17:41:07	ReferenceError: quote is not defined	DELETE	/saints	undefined
2023-04-05	17:59:05	TypeError: Saint.findById(...).lean.exec is not a function	POST	/quotes	undefined
2023-04-05	17:59:45	CastError: Cast to ObjectId failed for value "{ saint: '642dea9739055b73d474d736' }" (type Object) at path "_id" for model "Saint"	POST	/quotes	undefined
2023-04-05	18:05:42	CastError: Cast to ObjectId failed for value "{ saint: '642dea9739055b73d474d736' }" (type Object) at path "_id" for model "Saint"	POST	/quotes	undefined
2023-04-05	18:08:14	CastError: Cast to ObjectId failed for value "0" (type string) at path "_id" for model "Saint"	POST	/quotes	undefined
2023-04-05	18:09:18	CastError: Cast to ObjectId failed for value "0" (type string) at path "_id" for model "Saint"	POST	/quotes	undefined
2023-04-05	18:11:55	CastError: Cast to ObjectId failed for value "0" (type string) at path "_id" for model "Saint"	POST	/quotes	undefined
2023-04-05	18:12:23	CastError: Cast to ObjectId failed for value "0" (type string) at path "_id" for model "Saint"	POST	/quotes	undefined
2023-04-06	09:10:45	CastError: Cast to ObjectId failed for value "0" (type string) at path "_id" for model "Saint"	POST	/quotes	undefined
2023-04-06	09:12:10	CastError: Cast to ObjectId failed for value "0" (type string) at path "_id" for model "Saint"	POST	/quotes	undefined
2023-04-06	09:13:09	CastError: Cast to ObjectId failed for value "0" (type string) at path "_id" for model "Saint"	POST	/quotes	undefined
2023-04-06	09:13:35	CastError: Cast to ObjectId failed for value "{ saint: '0' }" (type Object) at path "_id" for model "Saint"	POST	/quotes	undefined
2023-04-06	09:15:16	CastError: Cast to ObjectId failed for value "0" (type string) at path "_id" for model "Saint"	POST	/quotes	undefined
2023-04-06	09:17:09	ObjectParameterError: Parameter "filter" to find() must be an object, got 0	POST	/quotes	undefined
2023-04-06	09:17:21	CastError: Cast to ObjectId failed for value "0" (type string) at path "_id" for model "Saint"	POST	/quotes	undefined
2023-04-06	09:22:01	TypeError: Cannot read properties of null (reading '_id')	POST	/quotes	undefined
2023-04-06	09:22:36	TypeError: Cannot read properties of null (reading '_id')	POST	/quotes	undefined
2023-04-06	09:22:48	TypeError: Cannot read properties of null (reading '_id')	POST	/quotes	undefined
2023-04-06	09:24:05	ValidationError: Quote validation failed: saint: Cast to ObjectId failed for value "0" (type string) at path "saint" because of "BSONError"	POST	/quotes	undefined
2023-04-06	09:26:30	ValidationError: Quote validation failed: saint: Cast to ObjectId failed for value "0" (type string) at path "saint" because of "BSONError"	POST	/quotes	undefined
2023-04-06	09:29:06	ReferenceError: saintMatch is not defined	POST	/quotes	undefined
2023-04-06	09:31:39	TypeError: Cannot read properties of null (reading 'name')	POST	/quotes	undefined
2023-04-06	09:33:46	TypeError: Cannot read properties of null (reading 'name')	POST	/quotes	undefined
2023-04-06	09:39:09	CastError: Cast to ObjectId failed for value "{ saint: '642dea9739055b73d474d736' }" (type Object) at path "_id" for model "Saint"	POST	/quotes	undefined
2023-04-07	15:31:22	Error: Cannot find module 'html'
Require stack:
- /data/Workspace/OrthoObserver/node_modules/express/lib/view.js
- /data/Workspace/OrthoObserver/node_modules/express/lib/application.js
- /data/Workspace/OrthoObserver/node_modules/express/lib/express.js
- /data/Workspace/OrthoObserver/node_modules/express/index.js
- /data/Workspace/OrthoObserver/server.js	GET	/	undefined
2023-04-07	15:32:42	Error: Cannot find module 'html'
Require stack:
- /data/Workspace/OrthoObserver/node_modules/express/lib/view.js
- /data/Workspace/OrthoObserver/node_modules/express/lib/application.js
- /data/Workspace/OrthoObserver/node_modules/express/lib/express.js
- /data/Workspace/OrthoObserver/node_modules/express/index.js
- /data/Workspace/OrthoObserver/server.js	GET	/	undefined
2023-04-07	15:34:42	Error: Cannot find module 'html'
Require stack:
- /data/Workspace/OrthoObserver/node_modules/express/lib/view.js
- /data/Workspace/OrthoObserver/node_modules/express/lib/application.js
- /data/Workspace/OrthoObserver/node_modules/express/lib/express.js
- /data/Workspace/OrthoObserver/node_modules/express/index.js
- /data/Workspace/OrthoObserver/server.js	GET	/	undefined
2023-04-13	22:37:31	Error: Not allowed by CORS	GET	/saints	http://localhost:3000
2023-04-13	22:49:16	Error: Not allowed by CORS	GET	/saints	http://localhost:3000
2023-04-13	22:49:25	Error: Not allowed by CORS	GET	/saints	http://localhost:3000
2023-04-13	22:50:52	Error: Not allowed by CORS	GET	/saints	http://localhost:3000
2023-04-13	22:59:03	Error: Not allowed by CORS	GET	/saints	http://localhost:3000
2023-04-13	22:59:04	Error: Not allowed by CORS	GET	/saints	http://localhost:3000
2023-04-13	22:59:09	Error: Not allowed by CORS	GET	/saints	http://localhost:3000
2023-04-13	23:22:00	Error: Not allowed by CORS	GET	/saints	http://localhost:3000
2023-04-13	23:23:11	Error: Not allowed by CORS	GET	/saints	http://localhost:3000
2023-04-14	22:15:21	ReferenceError: Prayer is not defined	POST	/prayers	undefined
2023-04-14	22:16:50	ReferenceError: Holiday is not defined	GET	/holidays	undefined
2023-04-14	22:34:39	ReferenceError: nameMatch is not defined	POST	/holidays	undefined
2023-04-14	22:37:20	CastError: Cast to date failed for value "cow" (type string) at path "date" for model "Holiday"	POST	/holidays	undefined
2023-04-14	22:44:26	CastError: Cast to date failed for value "cow" (type string) at path "date" for model "Holiday"	POST	/holidays	undefined
2023-04-15	09:11:51	TypeError: mongoose.Collection.countDocuments is not a function	GET	/quotes/random	undefined
2023-04-18	13:19:08	TypeError: Converting circular structure to JSON
    --> starting at object with constructor 'MongoClient'
    |     property 's' -> object with constructor 'Object'
    |     property 'sessionPool' -> object with constructor 'ServerSessionPool'
    --- property 'client' closes the circle	GET	/saints/find	http://localhost:3000
2023-04-18	13:21:43	TypeError: Converting circular structure to JSON
    --> starting at object with constructor 'MongoClient'
    |     property 's' -> object with constructor 'Object'
    |     property 'sessionPool' -> object with constructor 'ServerSessionPool'
    --- property 'client' closes the circle	GET	/saints/find	http://localhost:3000
2023-04-18	13:22:45	TypeError: Converting circular structure to JSON
    --> starting at object with constructor 'MongoClient'
    |     property 's' -> object with constructor 'Object'
    |     property 'sessionPool' -> object with constructor 'ServerSessionPool'
    --- property 'client' closes the circle	GET	/saints/find	http://localhost:3000
2023-04-18	14:13:17	TypeError: Converting circular structure to JSON
    --> starting at object with constructor 'MongoClient'
    |     property 's' -> object with constructor 'Object'
    |     property 'sessionPool' -> object with constructor 'ServerSessionPool'
    --- property 'client' closes the circle	GET	/saints/find	http://localhost:3000
2023-04-18	14:15:03	TypeError: Converting circular structure to JSON
    --> starting at object with constructor 'MongoClient'
    |     property 's' -> object with constructor 'Object'
    |     property 'sessionPool' -> object with constructor 'ServerSessionPool'
    --- property 'client' closes the circle	GET	/saints/find	http://localhost:3000
2023-04-18	14:28:57	TypeError: Converting circular structure to JSON
    --> starting at object with constructor 'MongoClient'
    |     property 's' -> object with constructor 'Object'
    |     property 'sessionPool' -> object with constructor 'ServerSessionPool'
    --- property 'client' closes the circle	GET	/saints/find	http://localhost:3000
2023-04-18	15:24:05	SyntaxError: Expected property name or '}' in JSON at position 6	GET	/saints/find	undefined
2023-04-19	16:54:50	SyntaxError: Unexpected token ''', ..."  "name": 'St. Isaac"... is not valid JSON	POST	/saints	undefined
2023-04-22	04:56:48	ObjectParameterError: Parameter "filter" to findOne() must be an object, got andrew	POST	/prayers	undefined
2023-04-22	04:57:34	ObjectParameterError: Parameter "filter" to findOne() must be an object, got andrew	POST	/prayers	undefined
2023-04-25	17:01:12	ReferenceError: Prayers is not defined	GET	/prayers/recent-5	undefined
2023-04-25	17:01:47	ReferenceError: Prayers is not defined	GET	/prayers/recent-5	undefined
2023-04-25	17:02:01	TypeError: Invalid sort() argument. Must be a string, object, or array.	GET	/prayers/recent-5	undefined
2023-05-25	21:47:33	CastError: Cast to ObjectId failed for value "1" (type number) at path "_id" for model "User"	DELETE	/users	http://localhost:3000
2023-05-25	21:47:36	CastError: Cast to ObjectId failed for value "1" (type number) at path "_id" for model "User"	DELETE	/users	http://localhost:3000
2023-05-29	16:10:36	TypeError: res.status is not a function	GET	/moderate/log	http://localhost:3000
2023-05-29	16:15:37	TypeError: res.status is not a function	GET	/moderate/log	http://localhost:3000
2023-05-29	16:27:08	TypeError: res.status is not a function	GET	/moderate/log	http://localhost:3000
2023-05-29	16:30:47	TypeError: res.status is not a function	GET	/moderate/log	http://localhost:3000
2023-05-29	16:37:17	TypeError: res.status is not a function	GET	/moderate/log	http://localhost:3000
2023-05-29	17:34:12	TypeError: res.status is not a function	GET	/moderate/log	http://localhost:3000
2023-05-29	17:38:29	TypeError: res.status is not a function	GET	/moderate/log	http://localhost:3000
2023-05-29	17:39:37	TypeError: res.status is not a function	GET	/moderate/log	http://localhost:3000
2023-05-29	17:40:59	TypeError: res.status is not a function	GET	/moderate/log	http://localhost:3000
2023-05-29	21:19:08	TypeError: res.status is not a function	GET	/moderate/log	http://localhost:3000
2023-05-29	21:19:36	TypeError: res.status is not a function	GET	/moderate/log	http://localhost:3000
2023-05-30	17:20:49	ObjectParameterError: Parameter "filter" to find() must be an object, got NaN	GET	/prayers/recent-5	http://localhost:3000
2023-05-30	17:21:09	ObjectParameterError: Parameter "filter" to find() must be an object, got NaN	GET	/prayers/recent-5	http://localhost:3000
2023-05-31	09:05:34	ReferenceError: res is not defined	GET	/prayers/ortho	http://localhost:3000
2023-05-31	09:05:58	ReferenceError: res is not defined	GET	/prayers/ortho	http://localhost:3000
2023-05-31	09:17:32	ReferenceError: res is not defined	GET	/prayers/ortho	http://localhost:3000
2023-05-31	09:18:52	ReferenceError: res is not defined	GET	/prayers/ortho	http://localhost:3000
2023-05-31	09:28:57	ReferenceError: res is not defined	GET	/prayers/ortho	http://localhost:3000
2023-05-31	09:30:00	ReferenceError: res is not defined	GET	/prayers/ortho	http://localhost:3000
2023-05-31	09:34:33	TypeError: res.status is not a function	GET	/moderate/log	http://localhost:3000
2023-05-31	09:35:07	ReferenceError: res is not defined	GET	/prayers/ortho	http://localhost:3000
2023-06-02	17:19:51	ReferenceError: res is not defined	GET	/prayers/ortho	http://localhost:3000
2023-06-02	17:22:56	TypeError: res.status is not a function	GET	/moderate/log	http://localhost:3000
2023-06-02	17:38:07	ReferenceError: res is not defined	GET	/prayers/ortho	http://localhost:3000
2023-06-02	17:41:41	ReferenceError: res is not defined	GET	/prayers/ortho	http://localhost:3000
2023-06-02	17:43:23	ReferenceError: res is not defined	GET	/prayers/ortho	http://localhost:3000
2024-01-03	21:46:22	TypeError: Cannot read properties of null (reading 'saint')	GET	/quotes/random	http://localhost:3000
2024-01-03	21:48:58	TypeError: res.status is not a function	GET	/moderate/log	http://localhost:3000
2024-01-03	22:36:09	CastError: Cast to ObjectId failed for value "St. Nektarios of Aegina" (type string) at path "_id" for model "Saint"	POST	/quotes	undefined
2024-01-03	22:38:44	CastError: Cast to ObjectId failed for value "St. Nektarios of Aegina" (type string) at path "_id" for model "Saint"	POST	/quotes	undefined
2024-01-03	22:47:44	CastError: Cast to ObjectId failed for value "St. Nektarios of Aegina" (type string) at path "_id" for model "Saint"	POST	/quotes	undefined
2024-01-03	22:51:05	CastError: Cast to ObjectId failed for value "St. Nektarios of Aegina" (type string) at path "_id" for model "Saint"	POST	/quotes	undefined
2024-01-03	23:07:22	TypeError: Cannot read properties of null (reading 'saint')	GET	/quotes/random	http://localhost:3000
2024-01-03	23:08:17	CastError: Cast to ObjectId failed for value "{ saint: 'St. Nektarios of Aegina' }" (type Object) at path "_id" for model "Saint"	POST	/quotes	undefined
2024-01-03	23:11:17	ObjectParameterError: Parameter "filter" to findOne() must be an object, got St. Nektarios of Aegina	POST	/quotes	undefined
2024-01-03	23:12:19	ValidationError: Quote validation failed: saint: Cast to ObjectId failed for value "St. Nektarios of Aegina" (type string) at path "saint" because of "BSONError"	POST	/quotes	undefined
2024-01-03	23:14:26	ValidationError: Quote validation failed: saint: Cast to ObjectId failed for value "St. Nektarios of Aegina" (type string) at path "saint" because of "BSONError"	POST	/quotes	undefined
2024-01-03	23:19:32	ReferenceError: res is not defined	GET	/prayers/ortho	http://localhost:3000
2024-01-03	23:22:11	ReferenceError: res is not defined	GET	/prayers/ortho	http://localhost:3000
2024-01-03	23:35:07	ReferenceError: res is not defined	GET	/prayers/ortho	http://localhost:3000
2024-01-04	18:43:36	ReferenceError: res is not defined	GET	/prayers/ortho	http://localhost:3000
2024-01-04	19:00:48	ReferenceError: res is not defined	GET	/prayers/ortho	http://localhost:3000
2024-01-04	19:02:45	ReferenceError: res is not defined	GET	/prayers/ortho	undefined
2024-01-04	19:14:23	ReferenceError: res is not defined	GET	/prayers/ortho	http://localhost:3000
2024-01-04	19:23:31	ReferenceError: res is not defined	GET	/prayers/ortho	http://localhost:3000
2024-01-04	19:26:25	ReferenceError: res is not defined	GET	/prayers/ortho	http://localhost:3000
2024-01-04	19:39:30	ReferenceError: res is not defined	GET	/prayers/ortho	http://localhost:3000
2024-01-05	19:10:23	MongooseError: Model.find() no longer accepts a callback	GET	/prayers/ortho	http://localhost:3000
2024-01-13	14:05:36	ReferenceError: ortho is not defined	GET	/prayers/ortho	http://localhost:3000
2024-01-15	23:54:32	TypeError: res.status is not a function	GET	/moderate/log	http://localhost:3000
2024-01-16	08:57:02	TypeError: res.status is not a function	GET	/moderate/log	http://localhost:3000
2024-01-16	09:22:23	TypeError: res.status is not a function	GET	/moderate/log	http://localhost:3000
2024-01-16	09:26:24	TypeError: res.status is not a function	GET	/moderate/log	http://localhost:3000
2024-01-16	18:54:33	TypeError: res.status is not a function	GET	/moderate/log	http://localhost:3000
