2023-04-05	12:45:50	GET	/quotes	undefined
2023-04-05	12:58:58	GET	/quotes	undefined
2023-04-05	12:59:17	GET	/quotes	undefined
2023-04-05	13:01:58	GET	/quotes	undefined
2023-04-05	13:11:35	GET	/quotes	undefined
2023-04-05	13:13:21	GET	/quotes	undefined
2023-04-05	13:14:00	GET	/quotes	undefined
2023-04-05	13:14:57	GET	/quotes	undefined
2023-04-05	13:15:28	GET	/quotes	undefined
2023-04-05	13:17:17	GET	/	undefined
2023-04-05	13:34:08	GET	/	undefined
2023-04-05	13:37:13	GET	/	undefined
2023-04-05	13:37:33	GET	/	undefined
2023-04-05	13:38:08	GET	/	undefined
2023-04-05	13:39:10	GET	/	undefined
2023-04-05	13:40:43	GET	/	undefined
2023-04-05	13:45:59	GET	/	undefined
2023-04-05	13:46:16	GET	/	undefined
2023-04-05	13:49:46	GET	/	undefined
2023-04-05	13:52:02	GET	/	undefined
2023-04-05	13:54:51	GET	/	undefined
2023-04-05	13:57:40	GET	/	undefined
2023-04-05	14:37:30	GET	/quotes	undefined
2023-04-05	14:37:41	GET	/quotes	undefined
2023-04-05	14:39:09	GET	/	undefined
2023-04-05	14:40:14	GET	/	undefined
2023-04-05	14:40:14	GET	/css/style.css	undefined
2023-04-05	14:40:20	GET	/	undefined
2023-04-05	14:40:20	GET	/css/style.css	undefined
2023-04-05	14:40:27	GET	/quotes	undefined
2023-04-05	14:41:25	POST	/quotes	undefined
2023-04-05	14:47:52	POST	/quotes	undefined
2023-04-05	14:50:21	POST	/quotes	undefined
2023-04-05	14:51:02	POST	/quotes	undefined
2023-04-05	15:17:12	GET	/quotes	undefined
2023-04-05	15:17:50	PATCH	/quotes	undefined
2023-04-05	15:18:06	GET	/quotes	undefined
2023-04-05	15:19:40	PATCH	/quotes	undefined
2023-04-05	15:20:16	PATCH	/quotes	undefined
2023-04-05	15:21:36	PATCH	/quotes	undefined
2023-04-05	15:22:33	PATCH	/quotes	undefined
2023-04-05	15:23:16	PATCH	/quotes	undefined
2023-04-05	15:36:41	PATCH	/quotes	undefined
2023-04-05	15:37:01	PATCH	/quotes	undefined
2023-04-05	15:39:06	PATCH	/quotes	undefined
2023-04-05	15:39:49	PATCH	/quotes	undefined
2023-04-05	15:41:29	PATCH	/quotes	undefined
2023-04-05	15:52:41	PATCH	/quotes	undefined
2023-04-05	16:06:16	PATCH	/quotes	undefined
2023-04-05	16:08:07	PATCH	/quotes	undefined
2023-04-05	16:10:03	PATCH	/quotes	undefined
2023-04-05	16:19:55	PATCH	/quotes	undefined
2023-04-05	16:21:08	PATCH	/quotes	undefined
2023-04-05	16:21:45	PATCH	/quotes	undefined
2023-04-05	16:27:23	PATCH	/quotes	undefined
2023-04-05	16:29:29	PATCH	/quotes	undefined
2023-04-05	16:29:50	PATCH	/quotes	undefined
2023-04-05	16:31:07	PATCH	/quotes	undefined
2023-04-05	16:31:57	PATCH	/quotes	undefined
2023-04-05	16:36:48	PATCH	/quotes	undefined
2023-04-05	16:39:10	PATCH	/quotes	undefined
2023-04-05	16:40:30	PATCH	/quotes	undefined
2023-04-05	16:41:18	PATCH	/quotes	undefined
2023-04-05	16:41:25	PATCH	/quotes	undefined
2023-04-05	16:42:53	GET	/quotes	undefined
2023-04-05	16:43:10	PATCH	/quotes	undefined
2023-04-05	16:44:23	PATCH	/quotes	undefined
2023-04-05	16:44:31	PATCH	/quotes	undefined
2023-04-05	16:44:44	PATCH	/quotes	undefined
2023-04-05	16:45:04	GET	/quotes	undefined
2023-04-05	16:45:35	DELETE	/quotes	undefined
2023-04-05	16:45:49	DELETE	/quotes	undefined
2023-04-05	16:46:10	DELETE	/quotes	undefined
2023-04-05	16:48:37	POST	/quotes	undefined
2023-04-05	16:52:24	POST	/quotes	undefined
2023-04-05	16:52:29	POST	/quotes	undefined
2023-04-05	16:52:45	GET	/quotes	undefined
2023-04-05	16:53:06	DELETE	/quotes	undefined
2023-04-05	17:32:07	GET	/saints	undefined
2023-04-05	17:34:53	GET	/saints	undefined
2023-04-05	17:37:49	POST	/saints	undefined
2023-04-05	17:37:57	GET	/saints	undefined
2023-04-05	17:38:27	PUT	/saints	undefined
2023-04-05	17:38:36	PATCH	/saints	undefined
2023-04-05	17:38:45	GET	/saints	undefined
2023-04-05	17:39:08	PATCH	/saints	undefined
2023-04-05	17:39:27	POST	/saints	undefined
2023-04-05	17:39:35	POST	/saints	undefined
2023-04-05	17:40:10	POST	/saints	undefined
2023-04-05	17:40:18	GET	/saints	undefined
2023-04-05	17:40:35	DELETE	/saints	undefined
2023-04-05	17:41:07	DELETE	/saints	undefined
2023-04-05	17:41:46	DELETE	/saints	undefined
2023-04-05	17:44:30	GET	/quotes	undefined
2023-04-05	17:44:47	GET	/saints	undefined
2023-04-05	17:47:07	POST	/quote	undefined
2023-04-05	17:47:19	POST	/quotes	undefined
2023-04-05	17:51:08	POST	/quotes	undefined
2023-04-05	17:59:05	POST	/quotes	undefined
2023-04-05	17:59:45	POST	/quotes	undefined
2023-04-05	18:00:03	GET	/saints	undefined
2023-04-05	18:05:42	POST	/quotes	undefined
2023-04-05	18:07:08	POST	/quotes	undefined
2023-04-05	18:08:03	POST	/quotes	undefined
2023-04-05	18:08:14	POST	/quotes	undefined
2023-04-05	18:09:17	POST	/quotes	undefined
2023-04-05	18:11:55	POST	/quotes	undefined
2023-04-05	18:12:23	POST	/quotes	undefined
2023-04-06	09:10:45	POST	/quotes	undefined
2023-04-06	09:12:10	POST	/quotes	undefined
2023-04-06	09:13:09	POST	/quotes	undefined
2023-04-06	09:13:35	POST	/quotes	undefined
2023-04-06	09:15:16	POST	/quotes	undefined
2023-04-06	09:17:09	POST	/quotes	undefined
2023-04-06	09:17:21	POST	/quotes	undefined
2023-04-06	09:22:01	POST	/quotes	undefined
2023-04-06	09:22:36	POST	/quotes	undefined
2023-04-06	09:22:48	POST	/quotes	undefined
2023-04-06	09:24:05	POST	/quotes	undefined
2023-04-06	09:26:30	POST	/quotes	undefined
2023-04-06	09:27:35	GET	/quotes	undefined
2023-04-06	09:27:42	GET	/saint	undefined
2023-04-06	09:27:46	GET	/saints	undefined
2023-04-06	09:27:58	POST	/saints	undefined
2023-04-06	09:29:02	POST	/quote	undefined
2023-04-06	09:29:06	POST	/quotes	undefined
2023-04-06	09:30:40	GET	/quotes	undefined
2023-04-06	09:31:07	DELETE	/quotes	undefined
2023-04-06	09:31:26	POST	/quotes	undefined
2023-04-06	09:31:39	POST	/quotes	undefined
2023-04-06	09:31:51	GET	/saints	undefined
2023-04-06	09:33:06	GET	/quotes	undefined
2023-04-06	09:33:24	GET	/quotes	undefined
2023-04-06	09:33:33	POST	/quotes	undefined
2023-04-06	09:33:46	POST	/quotes	undefined
2023-04-06	09:37:04	POST	/quotes	undefined
2023-04-06	09:37:10	GET	/quotes	undefined
2023-04-06	09:39:05	GET	/quotes	undefined
2023-04-06	09:39:09	POST	/quotes	undefined
2023-04-06	09:39:31	POST	/quotes	undefined
2023-04-07	14:19:06	GET	/	undefined
2023-04-07	14:19:06	GET	/css/style.css	undefined
2023-04-07	14:45:45	GET	/	undefined
2023-04-07	14:45:45	GET	/App.js	undefined
2023-04-07	14:45:45	GET	/css/style.css	undefined
2023-04-07	14:47:22	GET	/	undefined
2023-04-07	14:47:22	GET	/App.js	undefined
2023-04-07	14:47:22	GET	/css/style.css	undefined
2023-04-07	14:47:47	GET	/css/style.css	undefined
2023-04-07	14:49:01	GET	/	undefined
2023-04-07	14:49:01	GET	/css/style.css	undefined
2023-04-07	14:49:01	GET	/App.js	undefined
2023-04-07	14:49:37	GET	/	undefined
2023-04-07	14:49:37	GET	/App.js	undefined
2023-04-07	14:49:37	GET	/css/style.css	undefined
2023-04-07	14:50:07	GET	/	undefined
2023-04-07	14:50:07	GET	/App.js	undefined
2023-04-07	14:50:07	GET	/css/style.css	undefined
2023-04-07	14:52:24	GET	/	undefined
2023-04-07	14:52:24	GET	/App.js	undefined
2023-04-07	14:52:24	GET	/css/style.css	undefined
2023-04-07	14:53:46	GET	/	undefined
2023-04-07	14:53:46	GET	/App.js	undefined
2023-04-07	14:53:46	GET	/css/style.css	undefined
2023-04-07	15:31:22	GET	/	undefined
2023-04-07	15:32:42	GET	/	undefined
2023-04-07	15:34:42	GET	/	undefined
2023-04-07	23:40:36	GET	/quotes	undefined
2023-04-07	23:44:13	GET	/quotes	undefined
2023-04-07	23:45:21	GET	/quotes	undefined
2023-04-07	23:46:25	GET	/quotes	undefined
2023-04-08	10:29:05	GET	/favicon.ico	undefined
2023-04-09	15:22:46	POST	/users	undefined
2023-04-09	15:24:25	GET	/users	undefined
2023-04-09	15:24:27	GET	/users	undefined
2023-04-09	15:27:10	GET	/users	undefined
2023-04-09	15:27:14	POST	/users	undefined
2023-04-09	15:27:40	POST	/users	undefined
2023-04-09	15:28:50	GET	/users	undefined
2023-04-13	12:31:45	GET	/	undefined
2023-04-13	12:31:45	GET	/css/style.css	undefined
2023-04-13	12:31:45	GET	/favicon.ico	undefined
2023-04-13	12:34:26	GET	/saints	undefined
2023-04-13	22:37:31	GET	/saints	http://localhost:3000
2023-04-13	22:49:16	GET	/saints	http://localhost:3000
2023-04-13	22:49:25	GET	/saints	http://localhost:3000
2023-04-13	22:50:52	GET	/saints	http://localhost:3000
2023-04-13	22:59:03	GET	/saints	http://localhost:3000
2023-04-13	22:59:04	GET	/saints	http://localhost:3000
2023-04-13	22:59:09	GET	/saints	http://localhost:3000
2023-04-13	23:22:00	GET	/saints	http://localhost:3000
2023-04-13	23:23:11	GET	/saints	http://localhost:3000
2023-04-13	23:23:37	GET	/saints	http://localhost:3000
2023-04-13	23:49:20	GET	/saints	http://localhost:3000
2023-04-14	00:23:22	GET	/saints	http://localhost:3000
2023-04-14	00:33:33	GET	/saints	http://localhost:3000
2023-04-14	00:38:52	GET	/saints	http://localhost:3000
2023-04-14	13:12:34	GET	/saints	http://localhost:3000
2023-04-14	13:33:31	GET	/quotes	http://localhost:3000
2023-04-14	13:34:03	GET	/quotes	http://localhost:3000
2023-04-14	22:02:00	GET	/users	undefined
2023-04-14	22:02:16	POST	/users	undefined
2023-04-14	22:03:38	GET	/users	undefined
2023-04-14	22:10:11	POST	/prayers	undefined
2023-04-14	22:11:17	POST	/prayers	undefined
2023-04-14	22:11:58	POST	/prayers	undefined
2023-04-14	22:15:21	POST	/prayers	undefined
2023-04-14	22:16:30	POST	/prayers	undefined
2023-04-14	22:16:45	POST	/holidays	undefined
2023-04-14	22:16:50	GET	/holidays	undefined
2023-04-14	22:17:32	GET	/holidays	undefined
2023-04-14	22:29:35	POST	/holidays	undefined
2023-04-14	22:34:39	POST	/holidays	undefined
2023-04-14	22:36:02	POST	/holidays	undefined
2023-04-14	22:36:14	GET	/holidays	undefined
2023-04-14	22:37:20	POST	/holidays	undefined
2023-04-14	22:44:26	POST	/holidays	undefined
2023-04-14	22:46:55	POST	/holidays	undefined
2023-04-14	22:47:34	POST	/holidays	undefined
2023-04-14	23:02:01	GET	/holidays	undefined
2023-04-15	02:18:45	GET	/quotes/random	http://localhost:3000
2023-04-15	02:18:45	GET	/quotes/random	http://localhost:3000
2023-04-15	02:19:41	GET	/quotes/random	http://localhost:3000
2023-04-15	02:19:44	GET	/quotes/random	http://localhost:3000
2023-04-15	02:19:45	GET	/quotes/random	http://localhost:3000
2023-04-15	02:31:37	GET	/quotes/random	undefined
2023-04-15	02:31:38	GET	/quotes/random	undefined
2023-04-15	02:31:38	GET	/quotes/random	undefined
2023-04-15	02:31:39	GET	/quotes/random	undefined
2023-04-15	02:35:18	GET	/quotes/random	http://localhost:3000
2023-04-15	02:35:56	GET	/quotes/random	http://localhost:3000
2023-04-15	02:36:15	GET	/quotes/random	undefined
2023-04-15	02:39:11	GET	/quotes/random	undefined
2023-04-15	02:39:13	GET	/quotes/random	undefined
2023-04-15	02:39:27	GET	/quotes/random	http://localhost:3000
2023-04-15	02:42:30	GET	/quotes/random	undefined
2023-04-15	02:42:44	GET	/quotes/random	http://localhost:3000
2023-04-15	02:50:34	GET	/quotes/random	undefined
2023-04-15	02:51:47	GET	/quotes/random	undefined
2023-04-15	02:51:55	GET	/quotes/random	undefined
2023-04-15	02:58:59	GET	/quotes/random	undefined
2023-04-15	03:02:47	GET	/quotes/random	undefined
2023-04-15	03:05:13	GET	/quotes/random	undefined
2023-04-15	03:05:15	GET	/quotes/random	undefined
2023-04-15	03:05:16	GET	/quotes/random	undefined
2023-04-15	03:05:16	GET	/quotes/random	undefined
2023-04-15	03:05:17	GET	/quotes/random	undefined
2023-04-15	03:05:17	GET	/quotes/random	undefined
2023-04-15	03:05:26	GET	/quotes/	undefined
2023-04-15	03:07:47	GET	/quotes/random	undefined
2023-04-15	03:07:49	GET	/quotes/random	undefined
2023-04-15	03:07:50	GET	/quotes/random	undefined
2023-04-15	03:07:50	GET	/quotes/random	undefined
2023-04-15	03:07:51	GET	/quotes/random	undefined
2023-04-15	03:07:52	GET	/quotes/random	undefined
2023-04-15	03:08:39	GET	/quotes/random	undefined
2023-04-15	03:08:45	GET	/quotes/random	undefined
2023-04-15	03:10:33	GET	/quotes/random	undefined
2023-04-15	03:10:34	GET	/quotes/random	undefined
2023-04-15	03:10:45	GET	/quotes/random	undefined
2023-04-15	09:11:51	GET	/quotes/random	undefined
2023-04-15	09:12:55	GET	/quotes/random	undefined
2023-04-15	09:12:57	GET	/quotes/random	undefined
2023-04-15	09:12:57	GET	/quotes/random	undefined
2023-04-15	09:12:59	GET	/quotes/random	undefined
2023-04-15	09:13:00	GET	/quotes/random	undefined
2023-04-15	09:13:00	GET	/quotes/random	undefined
2023-04-15	09:13:00	GET	/quotes/random	undefined
2023-04-15	09:13:01	GET	/quotes/random	undefined
2023-04-15	09:18:15	GET	/quotes/random	undefined
2023-04-15	09:18:16	GET	/quotes/random	undefined
2023-04-15	09:18:17	GET	/quotes/random	undefined
2023-04-15	09:18:18	GET	/quotes/random	undefined
2023-04-15	09:18:18	GET	/quotes/random	undefined
2023-04-15	09:18:19	GET	/quotes/random	undefined
2023-04-15	09:18:20	GET	/quotes/random	undefined
2023-04-15	09:18:21	GET	/quotes/random	undefined
2023-04-15	09:18:22	GET	/quotes/random	undefined
2023-04-15	09:22:36	GET	/quotes/random	http://localhost:3000
2023-04-15	09:36:02	GET	/quotes/random	http://localhost:3000
2023-04-15	09:36:05	GET	/quotes/random	http://localhost:3000
2023-04-15	09:36:06	GET	/quotes/random	http://localhost:3000
2023-04-15	09:44:28	GET	/quotes/random	http://localhost:3000
2023-04-15	09:44:32	GET	/quotes/random	http://localhost:3000
2023-04-15	09:46:28	GET	/quotes	undefined
2023-04-15	09:47:05	DELETE	/quotes	undefined
2023-04-15	09:47:13	GET	/quotes	undefined
2023-04-15	09:47:30	GET	/quotes	undefined
2023-04-15	09:47:38	DELETE	/quotes	undefined
2023-04-15	09:48:13	GET	/quotes/random	http://localhost:3000
2023-04-15	09:49:13	GET	/quotes/random	http://localhost:3000
2023-04-15	09:51:34	GET	/quotes/random	undefined
2023-04-15	09:51:36	GET	/quotes/random	undefined
2023-04-15	09:51:36	GET	/quotes/random	undefined
2023-04-15	09:51:37	GET	/quotes/random	undefined
2023-04-15	09:51:38	GET	/quotes/random	undefined
2023-04-15	09:51:39	GET	/quotes/random	undefined
2023-04-15	09:52:57	GET	/quotes	undefined
2023-04-15	09:54:39	GET	/quotes/random	http://localhost:3000
2023-04-15	11:29:58	GET	/quotes/random	http://localhost:3000
2023-04-15	11:31:33	GET	/quotes/random	http://localhost:3000
2023-04-15	11:31:39	GET	/quotes/random	http://localhost:3000
2023-04-15	11:31:50	GET	/quotes/random	http://localhost:3000
2023-04-15	11:33:48	GET	/quotes/random	http://localhost:3000
2023-04-15	11:33:55	GET	/quotes/random	http://localhost:3000
2023-04-15	11:33:58	GET	/quotes/random	http://localhost:3000
2023-04-15	11:34:01	GET	/quotes/random	http://localhost:3000
2023-04-15	11:34:10	GET	/quotes/random	http://localhost:3000
2023-04-15	11:35:55	GET	/quotes	http://localhost:3000
2023-04-15	11:37:41	GET	/quotes/random	http://localhost:3000
2023-04-15	11:38:36	GET	/quotes/random	undefined
2023-04-15	11:38:43	GET	/quotes/random	undefined
2023-04-15	11:38:44	GET	/quotes/random	undefined
2023-04-15	11:38:45	GET	/quotes/random	undefined
2023-04-15	11:38:45	GET	/quotes/random	undefined
2023-04-15	11:38:46	GET	/quotes/random	undefined
2023-04-15	11:38:47	GET	/quotes/random	undefined
2023-04-15	11:38:48	GET	/quotes/random	undefined
2023-04-15	11:38:50	GET	/quotes/random	undefined
2023-04-15	11:38:52	GET	/quotes/random	undefined
2023-04-15	11:38:54	GET	/quotes/random	undefined
2023-04-15	11:38:57	GET	/quotes/random	undefined
2023-04-15	11:38:58	GET	/quotes/random	undefined
2023-04-15	11:38:59	GET	/quotes/random	undefined
2023-04-15	11:40:53	GET	/quotes/random	http://localhost:3000
2023-04-15	11:41:00	GET	/quotes/random	http://localhost:3000
2023-04-15	11:41:18	GET	/quotes/random	http://localhost:3000
2023-04-15	11:41:36	GET	/quotes/random	http://localhost:3000
2023-04-15	11:41:38	GET	/quotes/random	http://localhost:3000
2023-04-15	11:41:39	GET	/quotes/random	http://localhost:3000
2023-04-15	11:41:41	GET	/quotes/random	http://localhost:3000
2023-04-15	11:41:48	GET	/quotes/random	http://localhost:3000
2023-04-15	11:41:58	GET	/quotes/random	http://localhost:3000
2023-04-15	11:45:21	GET	/quotes/random	http://localhost:3000
2023-04-15	11:48:23	GET	/quotes/random	http://localhost:3000
2023-04-15	11:48:25	GET	/quotes/random	http://localhost:3000
2023-04-15	11:48:26	GET	/quotes/random	http://localhost:3000
2023-04-15	11:48:30	GET	/quotes/random	http://localhost:3000
2023-04-15	11:48:35	GET	/quotes/random	http://localhost:3000
2023-04-15	11:49:39	GET	/quotes/random	http://localhost:3000
2023-04-15	11:54:20	GET	/quotes/random	http://localhost:3000
2023-04-15	11:54:24	GET	/quotes/random	http://localhost:3000
2023-04-15	11:54:27	GET	/quotes/random	http://localhost:3000
2023-04-15	11:54:34	GET	/quotes/random	http://localhost:3000
2023-04-15	11:54:45	GET	/quotes/random	http://localhost:3000
2023-04-15	12:41:39	GET	/quotes/random	http://localhost:3000
2023-04-15	12:45:05	GET	/quotes/random	http://localhost:3000
2023-04-15	12:45:07	GET	/quotes/random	http://localhost:3000
2023-04-15	12:45:30	GET	/quotes/random	http://localhost:3000
2023-04-15	12:45:31	GET	/quotes/random	http://localhost:3000
2023-04-15	12:45:37	GET	/quotes/random	http://localhost:3000
2023-04-15	12:45:46	GET	/quotes/random	http://localhost:3000
2023-04-15	12:47:56	GET	/quotes/random	undefined
2023-04-15	12:48:00	GET	/quotes/random	undefined
2023-04-15	12:48:45	GET	/quotes/random	http://localhost:3000
2023-04-15	12:53:54	GET	/quotes/random	http://localhost:3000
2023-04-15	13:03:28	GET	/quotes/random	http://localhost:3000
2023-04-15	13:03:33	GET	/quotes/random	http://localhost:3000
2023-04-15	13:03:36	GET	/quotes/random	http://localhost:3000
2023-04-15	13:03:49	GET	/quotes/random	http://localhost:3000
2023-04-15	13:03:52	GET	/quotes/random	http://localhost:3000
2023-04-15	13:03:55	GET	/quotes/random	http://localhost:3000
2023-04-15	13:03:58	GET	/quotes/random	http://localhost:3000
2023-04-15	13:03:59	GET	/quotes/random	http://localhost:3000
2023-04-15	13:04:08	GET	/quotes/random	http://localhost:3000
2023-04-15	13:04:19	GET	/quotes/random	http://localhost:3000
2023-04-16	11:48:21	GET	/quotes/random	http://localhost:3000
2023-04-16	11:48:22	GET	/quotes/random	http://localhost:3000
2023-04-16	11:48:24	GET	/quotes/random	http://localhost:3000
2023-04-16	11:48:32	GET	/quotes/random	http://localhost:3000
2023-04-16	11:48:44	GET	/quotes/random	http://localhost:3000
2023-04-16	11:52:40	GET	/quotes/random	http://localhost:3000
2023-04-16	11:55:09	GET	/quotes/random	http://localhost:3000
2023-04-16	11:55:25	GET	/quotes/random	http://localhost:3000
2023-04-16	11:55:33	GET	/quotes/random	http://localhost:3000
2023-04-16	11:56:22	GET	/quotes/random	http://localhost:3000
2023-04-16	12:01:13	GET	/quotes/random	http://localhost:3000
2023-04-16	12:40:07	GET	/quotes/random	http://localhost:3000
2023-04-16	12:40:33	GET	/quotes/random	http://localhost:3000
2023-04-16	12:41:06	GET	/quotes/random	http://localhost:3000
2023-04-16	12:41:12	GET	/quotes/random	http://localhost:3000
2023-04-16	12:54:42	GET	/quotes/random	http://localhost:3000
2023-04-16	12:54:46	GET	/quotes/random	http://localhost:3000
2023-04-16	12:54:48	GET	/quotes/random	http://localhost:3000
2023-04-16	12:57:27	GET	/quotes/random	http://localhost:3000
2023-04-16	13:02:53	GET	/quotes/random	http://localhost:3000
2023-04-16	13:08:58	GET	/quotes/random	http://localhost:3000
2023-04-16	13:09:06	GET	/quotes/random	http://localhost:3000
2023-04-16	13:09:20	GET	/quotes/random	http://localhost:3000
2023-04-16	13:09:46	GET	/quotes/random	http://localhost:3000
2023-04-16	13:09:56	GET	/quotes/random	http://localhost:3000
2023-04-16	13:10:08	GET	/quotes/random	http://localhost:3000
2023-04-16	13:10:36	GET	/quotes/random	http://localhost:3000
2023-04-16	13:10:59	GET	/quotes/random	http://localhost:3000
2023-04-16	15:52:01	GET	/quotes/random	http://localhost:3000
2023-04-16	16:26:03	GET	/quotes/random	http://localhost:3000
2023-04-16	16:26:08	GET	/quotes/random	http://localhost:3000
2023-04-16	16:26:14	GET	/quotes/random	http://localhost:3000
2023-04-16	16:28:10	GET	/quotes/random	http://localhost:3000
2023-04-16	16:28:21	GET	/quotes/random	http://localhost:3000
2023-04-16	16:30:28	GET	/quotes/random	http://localhost:3000
2023-04-16	16:30:45	GET	/quotes/random	http://localhost:3000
2023-04-16	16:36:09	GET	/quotes/random	http://localhost:3000
2023-04-16	16:36:35	GET	/quotes/random	http://localhost:3000
2023-04-16	16:36:41	GET	/quotes/random	http://localhost:3000
2023-04-16	16:37:26	GET	/quotes/random	http://localhost:3000
2023-04-16	16:37:58	GET	/quotes/random	http://localhost:3000
2023-04-16	16:38:12	GET	/quotes/random	http://localhost:3000
2023-04-16	16:38:21	GET	/quotes/random	http://localhost:3000
2023-04-16	22:37:56	GET	/quotes/random	http://localhost:3000
2023-04-16	22:39:26	GET	/quotes/random	http://localhost:3000
2023-04-16	23:12:48	GET	/quotes/random	http://localhost:3000
2023-04-16	23:13:01	GET	/quotes/random	http://localhost:3000
2023-04-16	23:13:32	GET	/quotes/random	http://localhost:3000
2023-04-17	00:18:29	GET	/quotes/random	http://localhost:3000
2023-04-18	00:38:40	GET	/quotes/random	http://localhost:3000
2023-04-18	00:38:57	GET	/quotes/random	http://localhost:3000
2023-04-18	00:39:03	GET	/quotes/random	http://localhost:3000
2023-04-18	00:39:29	GET	/quotes/random	http://localhost:3000
2023-04-18	00:39:42	GET	/quotes/random	http://localhost:3000
2023-04-18	00:44:10	GET	/quotes/random	http://localhost:3000
2023-04-18	01:01:08	GET	/quotes/random	http://localhost:3000
2023-04-18	01:06:06	GET	/quotes/random	http://localhost:3000
2023-04-18	01:06:07	GET	/quotes/random	http://localhost:3000
2023-04-18	01:07:03	GET	/quotes/random	http://localhost:3000
2023-04-18	01:07:04	GET	/quotes/random	http://localhost:3000
2023-04-18	01:07:47	GET	/quotes/random	http://localhost:3000
2023-04-18	01:07:48	GET	/quotes/random	http://localhost:3000
2023-04-18	01:09:03	GET	/quotes/random	http://localhost:3000
2023-04-18	01:09:03	GET	/quotes/random	http://localhost:3000
2023-04-18	01:11:36	GET	/quotes/random	http://localhost:3000
2023-04-18	01:11:37	GET	/quotes/random	http://localhost:3000
2023-04-18	01:11:55	GET	/quotes/random	http://localhost:3000
2023-04-18	01:11:56	GET	/quotes/random	http://localhost:3000
2023-04-18	01:23:49	GET	/quotes/random	http://localhost:3000
2023-04-18	01:23:49	GET	/quotes/random	http://localhost:3000
2023-04-18	01:23:55	GET	/quotes/random	http://localhost:3000
2023-04-18	01:23:56	GET	/quotes/random	http://localhost:3000
2023-04-18	01:24:09	GET	/quotes/random	http://localhost:3000
2023-04-18	01:24:10	GET	/quotes/random	http://localhost:3000
2023-04-18	01:25:46	GET	/quotes/random	http://localhost:3000
2023-04-18	01:25:46	GET	/quotes/random	http://localhost:3000
2023-04-18	01:27:23	GET	/quotes/random	http://localhost:3000
2023-04-18	01:27:23	GET	/quotes/random	http://localhost:3000
2023-04-18	01:27:32	GET	/quotes/random	http://localhost:3000
2023-04-18	01:27:32	GET	/quotes/random	http://localhost:3000
2023-04-18	01:28:22	GET	/quotes/random	http://localhost:3000
2023-04-18	01:28:23	GET	/quotes/random	http://localhost:3000
2023-04-18	01:28:31	GET	/quotes/random	http://localhost:3000
2023-04-18	01:28:31	GET	/quotes/random	http://localhost:3000
2023-04-18	01:28:47	GET	/quotes/random	http://localhost:3000
2023-04-18	01:28:47	GET	/quotes/random	http://localhost:3000
2023-04-18	01:29:39	GET	/quotes/random	http://localhost:3000
2023-04-18	01:29:39	GET	/quotes/random	http://localhost:3000
2023-04-18	04:23:43	GET	/quotes/random	http://localhost:3000
2023-04-18	04:23:43	GET	/quotes/random	http://localhost:3000
2023-04-18	04:23:54	GET	/quotes/random	http://localhost:3000
2023-04-18	04:23:54	GET	/quotes/random	http://localhost:3000
2023-04-18	04:24:18	GET	/quotes/random	http://localhost:3000
2023-04-18	04:24:40	GET	/quotes/random	http://localhost:3000
2023-04-18	04:48:18	GET	/quotes/random	http://localhost:3000
2023-04-18	04:49:08	GET	/quotes/random	http://localhost:3000
2023-04-18	04:51:28	GET	/quotes/random	http://localhost:3000
2023-04-18	04:51:30	GET	/quotes/random	http://localhost:3000
2023-04-18	04:51:32	GET	/quotes/random	http://localhost:3000
2023-04-18	04:52:10	GET	/quotes/random	http://localhost:3000
2023-04-18	04:55:03	GET	/quotes/random	http://localhost:3000
2023-04-18	04:55:27	GET	/quotes/random	http://localhost:3000
2023-04-18	04:55:48	GET	/quotes/random	http://localhost:3000
2023-04-18	04:59:53	GET	/quotes/random	http://localhost:3000
2023-04-18	05:02:00	GET	/quotes/random	http://localhost:3000
2023-04-18	05:18:23	GET	/quotes/random	http://localhost:3000
2023-04-18	06:06:16	GET	/saints	http://localhost:3000
2023-04-18	06:11:58	GET	/quotes/random	http://localhost:3000
2023-04-18	06:11:58	GET	/saints	http://localhost:3000
2023-04-18	06:12:07	GET	/quotes/random	http://localhost:3000
2023-04-18	06:12:07	GET	/saints	http://localhost:3000
2023-04-18	06:12:34	GET	/quotes/random	http://localhost:3000
2023-04-18	06:12:34	GET	/saints	http://localhost:3000
2023-04-18	06:13:00	GET	/quotes/random	http://localhost:3000
2023-04-18	06:13:00	GET	/saints	http://localhost:3000
2023-04-18	06:13:11	GET	/quotes/random	http://localhost:3000
2023-04-18	06:13:11	GET	/saints	http://localhost:3000
2023-04-18	06:14:14	GET	/quotes/random	http://localhost:3000
2023-04-18	06:14:14	GET	/saints	http://localhost:3000
2023-04-18	06:22:46	GET	/quotes/random	http://localhost:3000
2023-04-18	06:22:46	GET	/saints	http://localhost:3000
2023-04-18	06:23:53	GET	/quotes/random	http://localhost:3000
2023-04-18	06:24:03	GET	/quotes/random	http://localhost:3000
2023-04-18	06:24:12	GET	/quotes/random	http://localhost:3000
2023-04-18	06:24:27	GET	/quotes/random	http://localhost:3000
2023-04-18	06:25:10	GET	/quotes/random	http://localhost:3000
2023-04-18	06:35:42	GET	/quotes/random	http://localhost:3000
2023-04-18	13:17:16	GET	/quotes/random	http://localhost:3000
2023-04-18	13:18:17	GET	/quotes/random	http://localhost:3000
2023-04-18	13:18:35	GET	/quotes/random	http://localhost:3000
2023-04-18	13:18:38	GET	/quotes/random	http://localhost:3000
2023-04-18	13:18:38	GET	/saints/find	http://localhost:3000
2023-04-18	13:19:08	GET	/quotes/random	http://localhost:3000
2023-04-18	13:19:08	GET	/saints/find	http://localhost:3000
2023-04-18	13:21:43	GET	/saints/find	http://localhost:3000
2023-04-18	13:22:45	GET	/quotes/random	http://localhost:3000
2023-04-18	13:22:45	GET	/saints/find	http://localhost:3000
2023-04-18	14:13:17	GET	/quotes/random	http://localhost:3000
2023-04-18	14:13:17	GET	/saints/find	http://localhost:3000
2023-04-18	14:15:03	GET	/quotes/random	http://localhost:3000
2023-04-18	14:15:03	GET	/saints/find	http://localhost:3000
2023-04-18	14:28:57	GET	/saints/find	http://localhost:3000
2023-04-18	14:30:28	GET	/quotes/random	http://localhost:3000
2023-04-18	14:30:28	GET	/saints/find	http://localhost:3000
2023-04-18	14:31:39	GET	/quotes/random	http://localhost:3000
2023-04-18	14:31:39	GET	/saints/find	http://localhost:3000
2023-04-18	14:32:26	GET	/quotes/random	http://localhost:3000
2023-04-18	14:32:27	GET	/saints/find	http://localhost:3000
2023-04-18	14:32:56	GET	/quotes/random	http://localhost:3000
2023-04-18	14:32:56	GET	/saints/find	http://localhost:3000
2023-04-18	14:34:39	GET	/quotes/random	http://localhost:3000
2023-04-18	14:34:40	GET	/saints/find	http://localhost:3000
2023-04-18	14:34:47	GET	/quotes/random	http://localhost:3000
2023-04-18	14:34:47	GET	/saints/find	http://localhost:3000
2023-04-18	14:36:12	GET	/saints/find	http://localhost:3000
2023-04-18	14:36:15	GET	/saints/find	http://localhost:3000
2023-04-18	14:36:17	GET	/saints/find	http://localhost:3000
2023-04-18	14:36:20	GET	/saints/find	http://localhost:3000
2023-04-18	14:45:52	GET	/saints/find	http://localhost:3000
2023-04-18	14:45:54	GET	/saints/find	http://localhost:3000
2023-04-18	14:46:00	GET	/saints/find	http://localhost:3000
2023-04-18	14:46:24	GET	/quotes/random	http://localhost:3000
2023-04-18	14:46:24	GET	/saints/find	http://localhost:3000
2023-04-18	14:46:36	GET	/quotes/random	http://localhost:3000
2023-04-18	14:46:36	GET	/saints/find	http://localhost:3000
2023-04-18	14:47:15	GET	/quotes/random	http://localhost:3000
2023-04-18	14:47:15	GET	/saints/find	http://localhost:3000
2023-04-18	14:47:35	GET	/saints/find	http://localhost:3000
2023-04-18	14:47:44	GET	/saints/find	http://localhost:3000
2023-04-18	14:48:10	GET	/saints/find	http://localhost:3000
2023-04-18	14:48:30	GET	/saints/find	http://localhost:3000
2023-04-18	14:48:59	GET	/saints/find	http://localhost:3000
2023-04-18	14:50:37	GET	/saints/find	http://localhost:3000
2023-04-18	14:50:49	GET	/saints/find	http://localhost:3000
2023-04-18	14:50:59	GET	/saints/find	http://localhost:3000
2023-04-18	14:51:01	GET	/saints/find	http://localhost:3000
2023-04-18	14:51:05	GET	/saints/find	http://localhost:3000
2023-04-18	14:51:09	GET	/saints/find	http://localhost:3000
2023-04-18	14:51:16	GET	/saints/find	http://localhost:3000
2023-04-18	14:53:33	GET	/saints/find	http://localhost:3000
2023-04-18	14:53:38	GET	/saints/find	http://localhost:3000
2023-04-18	14:54:17	GET	/saints/find	http://localhost:3000
2023-04-18	14:54:37	GET	/quotes/random	http://localhost:3000
2023-04-18	14:54:37	GET	/saints/find	http://localhost:3000
2023-04-18	15:10:57	GET	/saints/find	http://localhost:3000
2023-04-18	15:11:21	GET	/saints/find	http://localhost:3000
2023-04-18	15:11:30	GET	/saints/find	http://localhost:3000
2023-04-18	15:11:38	GET	/saints/find	http://localhost:3000
2023-04-18	15:11:47	GET	/saints/find	http://localhost:3000
2023-04-18	15:11:49	GET	/saints/find	http://localhost:3000
2023-04-18	15:13:16	GET	/saints/find	http://localhost:3000
2023-04-18	15:13:28	GET	/saints/find	http://localhost:3000
2023-04-18	15:13:30	GET	/saints/find	http://localhost:3000
2023-04-18	15:13:53	GET	/saints/find	http://localhost:3000
2023-04-18	15:13:57	GET	/saints/find	http://localhost:3000
2023-04-18	15:14:07	GET	/saints/find	http://localhost:3000
2023-04-18	15:14:24	GET	/quotes/random	http://localhost:3000
2023-04-18	15:14:24	GET	/saints/find	http://localhost:3000
2023-04-18	15:15:06	GET	/quotes/random	http://localhost:3000
2023-04-18	15:15:07	GET	/saints/find	http://localhost:3000
2023-04-18	15:18:27	GET	/quotes/random	http://localhost:3000
2023-04-18	15:18:27	GET	/saints/find	http://localhost:3000
2023-04-18	15:18:41	GET	/saints	undefined
2023-04-18	15:18:54	GET	/quotes	undefined
2023-04-18	15:19:18	GET	/saints	undefined
2023-04-18	15:20:16	GET	/saints/find	undefined
2023-04-18	15:20:42	GET	/saints/	undefined
2023-04-18	15:20:55	GET	/saints/find	undefined
2023-04-18	15:21:54	GET	/saints/find	http://localhost:3000
2023-04-18	15:21:55	GET	/saints/find	http://localhost:3000
2023-04-18	15:22:48	GET	/saints/find	http://localhost:3000
2023-04-18	15:22:48	GET	/saints/find	http://localhost:3000
2023-04-18	15:22:58	GET	/saints/find	http://localhost:3000
2023-04-18	15:22:58	GET	/saints/find	http://localhost:3000
2023-04-18	15:22:59	GET	/saints/find	http://localhost:3000
2023-04-18	15:22:59	GET	/saints/find	http://localhost:3000
2023-04-18	15:23:02	GET	/saints/find	http://localhost:3000
2023-04-18	15:23:02	GET	/saints/find	http://localhost:3000
2023-04-18	15:23:09	GET	/saints/find	http://localhost:3000
2023-04-18	15:23:09	GET	/saints/find	http://localhost:3000
2023-04-18	15:23:10	GET	/saints/find	http://localhost:3000
2023-04-18	15:23:10	GET	/saints/find	http://localhost:3000
2023-04-18	15:23:19	GET	/saints/find	http://localhost:3000
2023-04-18	15:23:19	GET	/saints/find	http://localhost:3000
2023-04-18	15:23:24	GET	/quotes/random	http://localhost:3000
2023-04-18	15:23:25	GET	/saints/find	http://localhost:3000
2023-04-18	15:23:33	GET	/saints/find	http://localhost:3000
2023-04-18	15:23:33	GET	/saints/find	http://localhost:3000
2023-04-18	15:24:05	GET	/saints/find	undefined
2023-04-18	15:24:42	GET	/saints/find	http://localhost:3000
2023-04-18	15:24:43	GET	/saints/find	http://localhost:3000
2023-04-18	15:25:22	GET	/saints/find	http://localhost:3000
2023-04-18	15:25:22	GET	/saints/find	http://localhost:3000
2023-04-18	15:25:25	GET	/saints/find	http://localhost:3000
2023-04-18	15:25:25	GET	/saints/find	http://localhost:3000
2023-04-18	15:25:28	GET	/saints/find	http://localhost:3000
2023-04-18	15:25:28	GET	/saints/find	http://localhost:3000
2023-04-18	15:26:08	GET	/quotes/random	http://localhost:3000
2023-04-18	15:26:09	GET	/saints/find	http://localhost:3000
2023-04-18	15:26:56	GET	/saints/find	http://localhost:3000
2023-04-18	15:27:11	GET	/saints/find	http://localhost:3000
2023-04-18	15:27:14	GET	/saints/find	http://localhost:3000
2023-04-18	16:43:29	GET	/saints/find	undefined
2023-04-18	16:47:24	GET	/quotes/random	http://localhost:3000
2023-04-18	20:10:55	GET	/quotes/random	http://localhost:3000
2023-04-18	20:11:09	GET	/quotes/random	http://localhost:3000
2023-04-18	20:12:34	GET	/saints	undefined
2023-04-18	20:13:03	GET	/saints/find	http://localhost:3000
2023-04-18	20:13:11	GET	/saints/find	http://localhost:3000
2023-04-18	20:13:19	GET	/saints/find	http://localhost:3000
2023-04-18	20:13:27	GET	/saints/find	http://localhost:3000
2023-04-18	20:13:35	GET	/saints/find	http://localhost:3000
2023-04-18	20:13:43	GET	/saints/find	http://localhost:3000
2023-04-18	20:13:51	GET	/saints/find	http://localhost:3000
2023-04-18	20:13:59	GET	/saints/find	http://localhost:3000
2023-04-18	20:14:07	GET	/saints/find	http://localhost:3000
2023-04-18	20:14:15	GET	/saints/find	http://localhost:3000
2023-04-18	20:14:23	GET	/saints/find	http://localhost:3000
2023-04-18	20:14:31	GET	/saints/find	http://localhost:3000
2023-04-18	20:14:39	GET	/saints/find	http://localhost:3000
2023-04-18	20:14:47	GET	/saints/find	http://localhost:3000
2023-04-18	20:14:54	GET	/saints/find	http://localhost:3000
2023-04-18	20:15:02	GET	/saints/find	http://localhost:3000
2023-04-18	20:15:10	GET	/saints/find	http://localhost:3000
2023-04-18	20:15:18	GET	/saints/find	http://localhost:3000
2023-04-18	20:15:21	GET	/saints/find	http://localhost:3000
2023-04-18	20:15:29	GET	/saints/find	http://localhost:3000
2023-04-18	20:15:37	GET	/saints/find	http://localhost:3000
2023-04-18	20:15:46	GET	/saints/find	http://localhost:3000
2023-04-18	20:15:54	GET	/saints/find	http://localhost:3000
2023-04-18	20:16:02	GET	/saints/find	http://localhost:3000
2023-04-18	20:16:10	GET	/saints/find	http://localhost:3000
2023-04-18	20:16:18	GET	/saints/find	http://localhost:3000
2023-04-18	20:16:26	GET	/saints/find	http://localhost:3000
2023-04-18	20:16:34	GET	/saints/find	http://localhost:3000
2023-04-18	20:16:42	GET	/saints/find	http://localhost:3000
2023-04-18	20:16:50	GET	/saints/find	http://localhost:3000
2023-04-18	20:16:55	GET	/saints/find	http://localhost:3000
2023-04-18	20:17:03	GET	/saints/find	http://localhost:3000
2023-04-18	20:17:11	GET	/saints/find	http://localhost:3000
2023-04-18	20:17:19	GET	/saints/find	http://localhost:3000
2023-04-18	20:17:27	GET	/saints/find	http://localhost:3000
2023-04-18	20:17:35	GET	/saints/find	http://localhost:3000
2023-04-18	20:17:43	GET	/saints/find	http://localhost:3000
2023-04-18	20:17:51	GET	/saints/find	http://localhost:3000
2023-04-18	20:17:59	GET	/saints/find	http://localhost:3000
2023-04-18	20:18:07	GET	/saints/find	http://localhost:3000
2023-04-18	20:18:15	GET	/saints/find	http://localhost:3000
2023-04-18	20:18:23	GET	/saints/find	http://localhost:3000
2023-04-18	20:18:32	GET	/saints/find	http://localhost:3000
2023-04-18	20:18:41	GET	/saints/find	http://localhost:3000
2023-04-18	20:18:50	GET	/saints/find	http://localhost:3000
2023-04-18	20:18:59	GET	/saints/find	http://localhost:3000
2023-04-18	20:19:08	GET	/saints/find	http://localhost:3000
2023-04-18	20:19:17	GET	/saints/find	http://localhost:3000
2023-04-18	20:19:26	GET	/saints/find	http://localhost:3000
2023-04-18	20:19:35	GET	/saints/find	http://localhost:3000
2023-04-18	20:19:44	GET	/saints/find	http://localhost:3000
2023-04-18	20:19:53	GET	/saints/find	http://localhost:3000
2023-04-18	20:20:02	GET	/saints/find	http://localhost:3000
2023-04-18	20:20:11	GET	/saints/find	http://localhost:3000
2023-04-18	20:20:20	GET	/saints/find	http://localhost:3000
2023-04-18	20:20:29	GET	/saints/find	http://localhost:3000
2023-04-18	20:20:38	GET	/saints/find	http://localhost:3000
2023-04-18	20:20:47	GET	/saints/find	http://localhost:3000
2023-04-18	20:20:56	GET	/saints/find	http://localhost:3000
2023-04-18	20:21:05	GET	/saints/find	http://localhost:3000
2023-04-18	20:21:14	GET	/saints/find	http://localhost:3000
2023-04-18	20:21:23	GET	/saints/find	http://localhost:3000
2023-04-18	20:21:32	GET	/saints/find	http://localhost:3000
2023-04-18	20:21:41	GET	/saints/find	http://localhost:3000
2023-04-18	20:21:50	GET	/saints/find	http://localhost:3000
2023-04-18	20:21:59	GET	/saints/find	http://localhost:3000
2023-04-18	20:22:08	GET	/saints/find	http://localhost:3000
2023-04-18	20:22:17	GET	/saints/find	http://localhost:3000
2023-04-18	20:22:26	GET	/saints/find	http://localhost:3000
2023-04-18	20:22:35	GET	/saints/find	http://localhost:3000
2023-04-18	20:22:44	GET	/saints/find	http://localhost:3000
2023-04-18	20:22:53	GET	/saints/find	http://localhost:3000
2023-04-18	20:23:02	GET	/saints/find	http://localhost:3000
2023-04-18	20:23:11	GET	/saints/find	http://localhost:3000
2023-04-18	20:23:20	GET	/saints/find	http://localhost:3000
2023-04-18	20:23:29	GET	/saints/find	http://localhost:3000
2023-04-18	20:23:38	GET	/saints/find	http://localhost:3000
2023-04-18	20:23:47	GET	/saints/find	http://localhost:3000
2023-04-18	20:23:56	GET	/saints/find	http://localhost:3000
2023-04-18	20:24:05	GET	/saints/find	http://localhost:3000
2023-04-18	20:24:14	GET	/saints/find	http://localhost:3000
2023-04-18	20:24:23	GET	/saints/find	http://localhost:3000
2023-04-18	20:24:32	GET	/saints/find	http://localhost:3000
2023-04-18	20:24:41	GET	/saints/find	http://localhost:3000
2023-04-18	20:24:50	GET	/saints/find	http://localhost:3000
2023-04-18	20:24:59	GET	/saints/find	http://localhost:3000
2023-04-18	20:25:08	GET	/saints/find	http://localhost:3000
2023-04-18	20:25:17	GET	/saints/find	http://localhost:3000
2023-04-18	20:25:26	GET	/saints/find	http://localhost:3000
2023-04-18	20:25:35	GET	/saints/find	http://localhost:3000
2023-04-18	20:25:44	GET	/saints/find	http://localhost:3000
2023-04-18	20:25:53	GET	/saints/find	http://localhost:3000
2023-04-18	20:26:02	GET	/saints/find	http://localhost:3000
2023-04-18	20:26:11	GET	/saints/find	http://localhost:3000
2023-04-18	20:26:20	GET	/saints/find	http://localhost:3000
2023-04-18	20:26:29	GET	/saints/find	http://localhost:3000
2023-04-18	20:26:38	GET	/saints/find	http://localhost:3000
2023-04-18	20:26:47	GET	/saints/find	http://localhost:3000
2023-04-18	20:26:56	GET	/saints/find	http://localhost:3000
2023-04-18	20:27:05	GET	/saints/find	http://localhost:3000
2023-04-18	20:27:14	GET	/saints/find	http://localhost:3000
2023-04-18	20:27:23	GET	/saints/find	http://localhost:3000
2023-04-18	20:27:32	GET	/saints/find	http://localhost:3000
2023-04-18	20:27:41	GET	/saints/find	http://localhost:3000
2023-04-18	20:27:50	GET	/saints/find	http://localhost:3000
2023-04-18	20:27:59	GET	/saints/find	http://localhost:3000
2023-04-18	20:28:08	GET	/saints/find	http://localhost:3000
2023-04-18	20:28:17	GET	/saints/find	http://localhost:3000
2023-04-18	20:28:26	GET	/saints/find	http://localhost:3000
2023-04-18	20:28:35	GET	/saints/find	http://localhost:3000
2023-04-18	20:28:44	GET	/saints/find	http://localhost:3000
2023-04-18	20:28:45	GET	/saints/find	http://localhost:3000
2023-04-18	20:28:54	GET	/saints/find	http://localhost:3000
2023-04-18	20:29:02	GET	/saints/find	http://localhost:3000
2023-04-18	20:29:10	GET	/saints/find	http://localhost:3000
2023-04-18	20:29:18	GET	/saints/find	http://localhost:3000
2023-04-18	20:29:26	GET	/saints/find	http://localhost:3000
2023-04-18	20:29:34	GET	/saints/find	http://localhost:3000
2023-04-18	20:29:42	GET	/saints/find	http://localhost:3000
2023-04-18	20:29:50	GET	/saints/find	http://localhost:3000
2023-04-18	20:29:58	GET	/saints/find	http://localhost:3000
2023-04-18	20:30:06	GET	/saints/find	http://localhost:3000
2023-04-18	20:30:15	GET	/saints/find	http://localhost:3000
2023-04-18	20:30:23	GET	/saints/find	http://localhost:3000
2023-04-18	20:30:31	GET	/saints/find	http://localhost:3000
2023-04-18	20:30:39	GET	/saints/find	http://localhost:3000
2023-04-18	20:30:40	GET	/saints/find	http://localhost:3000
2023-04-18	20:30:48	GET	/saints/find	http://localhost:3000
2023-04-18	20:30:56	GET	/saints/find	http://localhost:3000
2023-04-18	20:31:05	GET	/saints/find	http://localhost:3000
2023-04-18	20:31:13	GET	/saints/find	http://localhost:3000
2023-04-18	20:31:21	GET	/saints/find	http://localhost:3000
2023-04-18	20:31:29	GET	/saints/find	http://localhost:3000
2023-04-18	20:31:37	GET	/saints/find	http://localhost:3000
2023-04-18	20:31:46	GET	/saints/find	http://localhost:3000
2023-04-18	20:31:55	GET	/saints/find	http://localhost:3000
2023-04-18	20:32:04	GET	/saints/find	http://localhost:3000
2023-04-18	20:32:13	GET	/saints/find	http://localhost:3000
2023-04-18	20:32:22	GET	/saints/find	http://localhost:3000
2023-04-18	20:32:31	GET	/saints/find	http://localhost:3000
2023-04-18	20:32:40	GET	/saints/find	http://localhost:3000
2023-04-18	20:32:49	GET	/saints/find	http://localhost:3000
2023-04-18	20:32:54	GET	/saints/find	http://localhost:3000
2023-04-18	20:33:03	GET	/saints/find	http://localhost:3000
2023-04-18	20:33:12	GET	/saints/find	http://localhost:3000
2023-04-18	20:33:21	GET	/saints/find	http://localhost:3000
2023-04-18	20:33:30	GET	/saints/find	http://localhost:3000
2023-04-18	20:33:39	GET	/saints/find	http://localhost:3000
2023-04-18	20:33:48	GET	/saints/find	http://localhost:3000
2023-04-18	20:33:56	GET	/saints/find	http://localhost:3000
2023-04-18	20:34:04	GET	/saints/find	http://localhost:3000
2023-04-18	20:34:13	GET	/saints/find	http://localhost:3000
2023-04-18	20:34:22	GET	/saints/find	http://localhost:3000
2023-04-18	20:34:31	GET	/saints/find	http://localhost:3000
2023-04-18	20:34:40	GET	/saints/find	http://localhost:3000
2023-04-18	20:34:49	GET	/saints/find	http://localhost:3000
2023-04-18	20:34:58	GET	/saints/find	http://localhost:3000
2023-04-18	20:35:07	GET	/saints/find	http://localhost:3000
2023-04-18	20:35:16	GET	/saints/find	http://localhost:3000
2023-04-18	20:35:25	GET	/saints/find	http://localhost:3000
2023-04-18	20:35:34	GET	/saints/find	http://localhost:3000
2023-04-18	20:35:43	GET	/saints/find	http://localhost:3000
2023-04-18	20:35:52	GET	/saints/find	http://localhost:3000
2023-04-18	20:36:01	GET	/saints/find	http://localhost:3000
2023-04-18	20:36:10	GET	/saints/find	http://localhost:3000
2023-04-18	20:36:19	GET	/saints/find	http://localhost:3000
2023-04-18	20:36:24	GET	/saints/find	http://localhost:3000
2023-04-18	20:36:28	GET	/saints/find	http://localhost:3000
2023-04-18	20:36:37	GET	/saints/find	http://localhost:3000
2023-04-18	20:36:46	GET	/saints/find	http://localhost:3000
2023-04-18	20:36:55	GET	/saints/find	http://localhost:3000
2023-04-18	20:37:04	GET	/saints/find	http://localhost:3000
2023-04-18	20:37:13	GET	/saints/find	http://localhost:3000
2023-04-18	20:37:22	GET	/saints/find	http://localhost:3000
2023-04-18	20:37:31	GET	/saints/find	http://localhost:3000
2023-04-18	20:37:40	GET	/saints/find	http://localhost:3000
2023-04-18	20:37:49	GET	/saints/find	http://localhost:3000
2023-04-18	20:37:58	GET	/saints/find	http://localhost:3000
2023-04-18	20:38:07	GET	/saints/find	http://localhost:3000
2023-04-18	20:38:16	GET	/saints/find	http://localhost:3000
2023-04-18	20:38:25	GET	/saints/find	http://localhost:3000
2023-04-18	20:38:34	GET	/saints/find	http://localhost:3000
2023-04-18	20:38:43	GET	/saints/find	http://localhost:3000
2023-04-18	20:38:52	GET	/saints/find	http://localhost:3000
2023-04-18	20:39:01	GET	/saints/find	http://localhost:3000
2023-04-18	20:39:10	GET	/saints/find	http://localhost:3000
2023-04-18	20:39:19	GET	/saints/find	http://localhost:3000
2023-04-18	20:39:28	GET	/saints/find	http://localhost:3000
2023-04-18	20:39:37	GET	/saints/find	http://localhost:3000
2023-04-18	20:39:46	GET	/saints/find	http://localhost:3000
2023-04-18	20:39:55	GET	/saints/find	http://localhost:3000
2023-04-18	20:40:04	GET	/saints/find	http://localhost:3000
2023-04-18	20:40:13	GET	/saints/find	http://localhost:3000
2023-04-18	20:40:22	GET	/saints/find	http://localhost:3000
2023-04-18	20:40:31	GET	/saints/find	http://localhost:3000
2023-04-18	20:40:33	GET	/saints/find	http://localhost:3000
2023-04-18	20:40:42	GET	/saints/find	http://localhost:3000
2023-04-18	20:40:51	GET	/saints/find	http://localhost:3000
2023-04-18	20:41:00	GET	/saints/find	http://localhost:3000
2023-04-18	20:41:09	GET	/saints/find	http://localhost:3000
2023-04-18	20:41:18	GET	/saints/find	http://localhost:3000
2023-04-18	20:41:27	GET	/saints/find	http://localhost:3000
2023-04-18	20:41:31	GET	/quotes/random	http://localhost:3000
2023-04-18	20:42:28	GET	/quotes/random	http://localhost:3000
2023-04-18	20:43:04	GET	/quotes/random	http://localhost:3000
2023-04-18	20:43:57	GET	/quotes/random	http://localhost:3000
2023-04-18	20:44:29	GET	/quotes/random	http://localhost:3000
2023-04-18	20:45:41	GET	/quotes/random	http://localhost:3000
2023-04-18	20:45:48	GET	/quotes/random	http://localhost:3000
2023-04-18	20:45:48	GET	/saints/find	http://localhost:3000
2023-04-18	20:45:56	GET	/saints/find	http://localhost:3000
2023-04-18	20:46:05	GET	/saints/find	http://localhost:3000
2023-04-18	20:46:14	GET	/saints/find	http://localhost:3000
2023-04-18	20:46:23	GET	/saints/find	http://localhost:3000
2023-04-18	20:46:32	GET	/saints/find	http://localhost:3000
2023-04-18	20:46:41	GET	/saints/find	http://localhost:3000
2023-04-18	20:46:50	GET	/saints/find	http://localhost:3000
2023-04-18	20:46:59	GET	/saints/find	http://localhost:3000
2023-04-18	20:47:08	GET	/saints/find	http://localhost:3000
2023-04-18	20:47:17	GET	/saints/find	http://localhost:3000
2023-04-18	20:47:26	GET	/saints/find	http://localhost:3000
2023-04-18	20:47:35	GET	/saints/find	http://localhost:3000
2023-04-18	20:47:44	GET	/saints/find	http://localhost:3000
2023-04-18	20:47:53	GET	/saints/find	http://localhost:3000
2023-04-18	20:48:02	GET	/saints/find	http://localhost:3000
2023-04-18	20:48:11	GET	/saints/find	http://localhost:3000
2023-04-18	20:48:20	GET	/saints/find	http://localhost:3000
2023-04-18	20:48:29	GET	/saints/find	http://localhost:3000
2023-04-18	20:48:38	GET	/saints/find	http://localhost:3000
2023-04-18	20:48:47	GET	/saints/find	http://localhost:3000
2023-04-18	20:48:56	GET	/saints/find	http://localhost:3000
2023-04-18	20:49:05	GET	/saints/find	http://localhost:3000
2023-04-18	20:49:14	GET	/saints/find	http://localhost:3000
2023-04-18	20:49:23	GET	/saints/find	http://localhost:3000
2023-04-18	20:49:32	GET	/saints/find	http://localhost:3000
2023-04-18	20:49:41	GET	/saints/find	http://localhost:3000
2023-04-18	20:49:50	GET	/saints/find	http://localhost:3000
2023-04-18	20:49:59	GET	/saints/find	http://localhost:3000
2023-04-18	20:50:08	GET	/saints/find	http://localhost:3000
2023-04-18	20:50:17	GET	/saints/find	http://localhost:3000
2023-04-18	20:50:26	GET	/saints/find	http://localhost:3000
2023-04-18	20:50:35	GET	/saints/find	http://localhost:3000
2023-04-18	20:50:44	GET	/saints/find	http://localhost:3000
2023-04-18	20:50:53	GET	/saints/find	http://localhost:3000
2023-04-18	20:51:02	GET	/saints/find	http://localhost:3000
2023-04-18	20:51:11	GET	/saints/find	http://localhost:3000
2023-04-18	20:51:20	GET	/saints/find	http://localhost:3000
2023-04-18	20:51:29	GET	/saints/find	http://localhost:3000
2023-04-18	20:51:38	GET	/saints/find	http://localhost:3000
2023-04-18	20:51:47	GET	/saints/find	http://localhost:3000
2023-04-18	20:51:56	GET	/saints/find	http://localhost:3000
2023-04-18	20:52:05	GET	/saints/find	http://localhost:3000
2023-04-18	20:52:14	GET	/saints/find	http://localhost:3000
2023-04-18	20:52:23	GET	/saints/find	http://localhost:3000
2023-04-18	20:52:32	GET	/saints/find	http://localhost:3000
2023-04-18	20:52:41	GET	/saints/find	http://localhost:3000
2023-04-18	20:52:50	GET	/saints/find	http://localhost:3000
2023-04-18	20:52:59	GET	/saints/find	http://localhost:3000
2023-04-18	20:53:08	GET	/saints/find	http://localhost:3000
2023-04-18	20:53:17	GET	/saints/find	http://localhost:3000
2023-04-18	20:53:26	GET	/saints/find	http://localhost:3000
2023-04-18	20:53:35	GET	/saints/find	http://localhost:3000
2023-04-18	20:53:44	GET	/saints/find	http://localhost:3000
2023-04-18	20:53:48	GET	/saints	http://localhost:3000
2023-04-18	20:53:57	GET	/saints	http://localhost:3000
2023-04-18	20:54:01	GET	/saints	http://localhost:3000
2023-04-18	20:56:25	GET	/quotes/random	http://localhost:3000
2023-04-18	21:00:21	GET	/quotes/random	http://localhost:3000
2023-04-19	02:05:09	GET	/quotes/random	http://localhost:3000
2023-04-19	02:05:16	GET	/quotes/random	http://localhost:3000
2023-04-19	02:07:16	GET	/quotes/random	http://localhost:3000
2023-04-19	02:07:35	GET	/quotes/random	http://localhost:3000
2023-04-19	02:07:47	GET	/quotes/random	http://localhost:3000
2023-04-19	02:08:10	GET	/quotes/random	http://localhost:3000
2023-04-19	02:08:22	GET	/quotes/random	http://localhost:3000
2023-04-19	02:08:34	GET	/quotes/random	http://localhost:3000
2023-04-19	02:08:34	GET	/saints/find	http://localhost:3000
2023-04-19	02:09:33	GET	/quotes/random	http://localhost:3000
2023-04-19	02:10:26	GET	/quotes/random	http://localhost:3000
2023-04-19	02:11:04	GET	/quotes/random	http://localhost:3000
2023-04-19	02:11:11	GET	/quotes/random	http://localhost:3000
2023-04-19	02:11:18	GET	/quotes/random	http://localhost:3000
2023-04-19	02:11:24	GET	/quotes/random	http://localhost:3000
2023-04-19	02:11:24	GET	/saints/find	http://localhost:3000
2023-04-19	02:12:13	GET	/quotes/random	http://localhost:3000
2023-04-19	02:12:42	GET	/quotes/random	http://localhost:3000
2023-04-19	02:12:42	GET	/saints/find	http://localhost:3000
2023-04-19	02:13:25	GET	/quotes/random	http://localhost:3000
2023-04-19	02:13:25	GET	/saints/find	http://localhost:3000
2023-04-19	02:14:19	GET	/quotes/random	http://localhost:3000
2023-04-19	02:14:19	GET	/saints/find	http://localhost:3000
2023-04-19	02:15:22	GET	/quotes/random	http://localhost:3000
2023-04-19	02:15:23	GET	/saints/find	http://localhost:3000
2023-04-19	02:16:39	GET	/saints/find	http://localhost:3000
2023-04-19	02:17:27	GET	/saints	undefined
2023-04-19	02:18:07	GET	/saints/find	undefined
2023-04-19	02:18:14	GET	/saints/find	undefined
2023-04-19	02:21:31	GET	/saints/find	undefined
2023-04-19	02:23:51	GET	/saints/find	undefined
2023-04-19	02:25:29	GET	/saints/find	undefined
2023-04-19	12:44:05	GET	/saints/find	http://localhost:3000
2023-04-19	12:44:10	GET	/quotes/random	http://localhost:3000
2023-04-19	12:44:10	GET	/saints/find	http://localhost:3000
2023-04-19	12:45:25	GET	/quotes/random	http://localhost:3000
2023-04-19	12:45:25	GET	/saints/find	http://localhost:3000
2023-04-19	12:45:57	GET	/quotes/random	http://localhost:3000
2023-04-19	12:45:57	GET	/saints/find	http://localhost:3000
2023-04-19	12:50:02	GET	/saints/find	http://localhost:3000
2023-04-19	12:50:05	GET	/saints/find	http://localhost:3000
2023-04-19	12:50:11	GET	/quotes/random	http://localhost:3000
2023-04-19	12:50:11	GET	/saints/find	http://localhost:3000
2023-04-19	12:53:20	GET	/saints/find	http://localhost:3000
2023-04-19	12:53:24	GET	/saints/find	http://localhost:3000
2023-04-19	12:53:25	GET	/saints/find	http://localhost:3000
2023-04-19	12:53:31	GET	/saints/find	http://localhost:3000
2023-04-19	12:53:42	GET	/saints/find	http://localhost:3000
2023-04-19	12:53:44	GET	/saints/find	http://localhost:3000
2023-04-19	12:54:09	GET	/saints/find	http://localhost:3000
2023-04-19	12:54:23	GET	/quotes/random	http://localhost:3000
2023-04-19	12:55:42	GET	/quotes/random	http://localhost:3000
2023-04-19	12:55:52	GET	/quotes/random	http://localhost:3000
2023-04-19	13:42:14	GET	/quotes/random	http://localhost:3000
2023-04-19	13:45:57	GET	/quotes/random	http://localhost:3000
2023-04-19	13:46:10	GET	/quotes/random	http://localhost:3000
2023-04-19	13:46:18	GET	/quotes/random	http://localhost:3000
2023-04-19	13:48:30	GET	/quotes/random	http://localhost:3000
2023-04-19	13:51:25	GET	/quotes/random	http://localhost:3000
2023-04-19	13:52:56	GET	/quotes/random	undefined
2023-04-19	13:54:07	GET	/quotes/random	http://localhost:3000
2023-04-19	13:55:32	GET	/quotes/random	http://localhost:3000
2023-04-19	13:55:55	GET	/quotes/random	http://localhost:3000
2023-04-19	13:56:02	GET	/quotes/random	http://localhost:3000
2023-04-19	13:56:11	GET	/quotes/random	http://localhost:3000
2023-04-19	14:00:09	GET	/quotes/random	http://localhost:3000
2023-04-19	14:00:12	GET	/quotes/random	http://localhost:3000
2023-04-19	14:31:40	GET	/quotes/random	http://localhost:3000
2023-04-19	14:49:29	GET	/quotes/random	http://localhost:3000
2023-04-19	14:55:12	GET	/quotes/random	http://localhost:3000
2023-04-19	15:04:30	GET	/quotes/random	http://localhost:3000
2023-04-19	15:07:51	GET	/quotes/random	http://localhost:3000
2023-04-19	15:10:33	GET	/quotes/random	http://localhost:3000
2023-04-19	15:10:46	GET	/quotes/random	http://localhost:3000
2023-04-19	15:10:53	GET	/quotes/random	http://localhost:3000
2023-04-19	15:11:04	GET	/quotes/random	http://localhost:3000
2023-04-19	16:52:49	POST	/saint	undefined
2023-04-19	16:52:56	GET	/saints	undefined
2023-04-19	16:54:50	POST	/saints	undefined
2023-04-19	16:55:06	POST	/saints	undefined
2023-04-19	17:02:25	GET	/saints	undefined
2023-04-19	17:03:43	POST	/quotes	undefined
2023-04-19	17:05:15	POST	/saints	undefined
2023-04-19	17:05:21	GET	/saints	undefined
2023-04-19	17:05:57	POST	/quotes	undefined
2023-04-19	17:06:41	GET	/quotes	undefined
2023-04-19	17:08:32	GET	/quotes	undefined
2023-04-19	17:08:44	DELETE	/quotes	undefined
2023-04-19	17:08:51	DELETE	/quotes	undefined
2023-04-19	17:08:58	DELETE	/quotes	undefined
2023-04-19	17:09:14	GET	/quotes	undefined
2023-04-19	17:10:25	GET	/quotes	undefined
2023-04-19	17:12:16	POST	/saints	undefined
2023-04-19	17:12:24	GET	/saints	undefined
2023-04-19	17:13:11	POST	/quotes	undefined
2023-04-19	17:16:13	POST	/quotes	undefined
2023-04-19	17:19:58	POST	/saints	undefined
2023-04-19	17:20:06	GET	/saints	undefined
2023-04-19	17:21:07	POST	/quotes	undefined
2023-04-19	17:23:58	POST	/quotes	undefined
2023-04-19	17:24:22	GET	/quotes	undefined
2023-04-19	17:33:15	POST	/saints	undefined
2023-04-19	17:33:25	GET	/saints	undefined
2023-04-19	17:33:47	POST	/quotes	undefined
2023-04-19	17:34:21	DELETE	/saints	undefined
2023-04-19	17:40:51	GET	/quotes	undefined
2023-04-19	17:41:13	DELETE	/quotes	undefined
2023-04-19	17:41:21	DELETE	/saints	undefined
2023-04-19	18:51:55	GET	/quotes/random	http://localhost:3000
2023-04-19	18:58:30	GET	/quotes/random	http://localhost:3000
2023-04-19	19:00:09	GET	/quotes/random	http://localhost:3000
2023-04-19	19:00:40	GET	/quotes/random	http://localhost:3000
2023-04-19	19:00:53	GET	/quotes/random	http://localhost:3000
2023-04-19	19:01:53	GET	/quotes/random	http://localhost:3000
2023-04-19	19:03:49	GET	/quotes/random	http://localhost:3000
2023-04-19	19:08:10	GET	/quotes/random	http://localhost:3000
2023-04-19	19:08:33	GET	/quotes/random	http://localhost:3000
2023-04-19	19:08:47	GET	/quotes/random	http://localhost:3000
2023-04-19	19:08:59	GET	/quotes/random	http://localhost:3000
2023-04-19	19:11:16	GET	/quotes/random	http://localhost:3000
2023-04-19	19:12:58	GET	/quotes/random	http://localhost:3000
2023-04-19	19:13:17	GET	/quotes/random	http://localhost:3000
2023-04-19	19:16:21	GET	/quotes/random	http://localhost:3000
2023-04-19	19:16:55	GET	/quotes/random	http://localhost:3000
2023-04-19	19:17:50	GET	/quotes/random	http://localhost:3000
2023-04-19	19:18:04	GET	/quotes/random	http://localhost:3000
2023-04-19	19:18:14	GET	/quotes/random	http://localhost:3000
2023-04-19	19:20:08	GET	/quotes/random	http://localhost:3000
2023-04-19	19:23:39	GET	/quotes/random	http://localhost:3000
2023-04-19	19:24:25	GET	/quotes/random	http://localhost:3000
2023-04-19	19:24:37	GET	/quotes/random	http://localhost:3000
2023-04-19	19:25:06	GET	/quotes/random	http://localhost:3000
2023-04-19	19:32:06	GET	/quotes/random	http://localhost:3000
2023-04-19	19:32:28	GET	/quotes/random	http://localhost:3000
2023-04-19	19:32:36	GET	/quotes/random	http://localhost:3000
2023-04-19	19:36:08	GET	/quotes/random	http://localhost:3000
2023-04-19	19:36:34	GET	/quotes/random	http://localhost:3000
2023-04-19	19:38:22	GET	/quotes/random	http://localhost:3000
2023-04-19	19:38:45	GET	/quotes/random	http://localhost:3000
2023-04-19	19:39:11	GET	/quotes/random	http://localhost:3000
2023-04-19	19:39:19	GET	/quotes/random	http://localhost:3000
2023-04-19	19:40:06	GET	/quotes/random	http://localhost:3000
2023-04-19	19:40:16	GET	/quotes/random	http://localhost:3000
2023-04-19	19:40:25	GET	/quotes/random	http://localhost:3000
2023-04-19	19:40:28	GET	/quotes/random	http://localhost:3000
2023-04-19	19:40:29	GET	/quotes/random	http://localhost:3000
2023-04-19	19:40:30	GET	/quotes/random	http://localhost:3000
2023-04-19	19:40:31	GET	/quotes/random	http://localhost:3000
2023-04-19	19:40:33	GET	/quotes/random	http://localhost:3000
2023-04-19	19:41:37	GET	/quotes/random	http://localhost:3000
2023-04-19	19:43:35	GET	/quotes/random	http://localhost:3000
2023-04-19	19:44:45	GET	/quotes/random	http://localhost:3000
2023-04-19	19:44:53	GET	/quotes/random	http://localhost:3000
2023-04-19	19:45:34	GET	/quotes/random	http://localhost:3000
2023-04-19	19:46:00	GET	/quotes/random	http://localhost:3000
2023-04-19	19:46:07	GET	/quotes/random	http://localhost:3000
2023-04-19	19:48:58	GET	/quotes/random	http://localhost:3000
2023-04-19	19:49:04	GET	/quotes/random	http://localhost:3000
2023-04-19	19:50:06	GET	/quotes/random	http://localhost:3000
2023-04-19	19:50:54	GET	/quotes/random	http://localhost:3000
2023-04-19	19:51:18	GET	/quotes/random	http://localhost:3000
2023-04-19	19:51:35	GET	/quotes/random	http://localhost:3000
2023-04-19	19:51:53	GET	/quotes/random	http://localhost:3000
2023-04-19	19:52:02	GET	/quotes/random	http://localhost:3000
2023-04-19	19:53:00	GET	/quotes/random	http://localhost:3000
2023-04-19	19:53:52	GET	/quotes/random	http://localhost:3000
2023-04-19	19:54:06	GET	/quotes/random	http://localhost:3000
2023-04-19	19:54:20	GET	/quotes/random	http://localhost:3000
2023-04-19	19:54:56	GET	/quotes/random	http://localhost:3000
2023-04-19	19:55:09	GET	/quotes/random	http://localhost:3000
2023-04-19	19:55:42	GET	/quotes/random	http://localhost:3000
2023-04-19	19:56:12	GET	/quotes/random	http://localhost:3000
2023-04-19	19:56:23	GET	/quotes/random	http://localhost:3000
2023-04-19	19:56:30	GET	/quotes/random	http://localhost:3000
2023-04-19	19:56:40	GET	/quotes/random	http://localhost:3000
2023-04-19	19:56:59	GET	/quotes/random	http://localhost:3000
2023-04-19	19:58:02	GET	/quotes/random	http://localhost:3000
2023-04-19	19:58:53	GET	/quotes/random	http://localhost:3000
2023-04-19	19:59:22	GET	/quotes/random	http://localhost:3000
2023-04-19	20:00:37	GET	/quotes/random	http://localhost:3000
2023-04-19	20:02:02	GET	/quotes/random	http://localhost:3000
2023-04-19	20:03:05	GET	/quotes/random	http://localhost:3000
2023-04-19	20:04:59	GET	/quotes/random	http://localhost:3000
2023-04-19	20:05:54	GET	/quotes/random	http://localhost:3000
2023-04-19	20:06:33	GET	/quotes/random	http://localhost:3000
2023-04-19	20:07:44	GET	/quotes/random	http://localhost:3000
2023-04-19	20:07:46	GET	/quotes/random	http://localhost:3000
2023-04-19	20:07:47	GET	/quotes/random	http://localhost:3000
2023-04-19	20:07:48	GET	/quotes/random	http://localhost:3000
2023-04-19	20:07:54	GET	/quotes/random	http://localhost:3000
2023-04-19	20:07:57	GET	/quotes/random	http://localhost:3000
2023-04-19	20:20:22	GET	/quotes/random	http://localhost:3000
2023-04-19	20:20:49	GET	/quotes/random	http://localhost:3000
2023-04-19	20:21:11	GET	/quotes/random	http://localhost:3000
